[debug] [2021-04-07T16:24:30.335Z] ----------------------------------------------------------------------
[debug] [2021-04-07T16:24:30.337Z] Command:       /usr/local/bin/firebase /Users/qbbang/.cache/firebase/tools/lib/node_modules/firebase-tools/lib/bin/firebase serve --only functions
[debug] [2021-04-07T16:24:30.337Z] CLI Version:   9.2.2
[debug] [2021-04-07T16:24:30.337Z] Platform:      darwin
[debug] [2021-04-07T16:24:30.337Z] Node Version:  v12.18.1
[debug] [2021-04-07T16:24:30.338Z] Time:          Thu Apr 08 2021 01:24:30 GMT+0900 (GMT+09:00)
[debug] [2021-04-07T16:24:30.338Z] ----------------------------------------------------------------------
[debug] [2021-04-07T16:24:30.338Z] 
[debug] [2021-04-07T16:24:30.344Z] > command requires scopes: ["email","openid","https://www.googleapis.com/auth/cloudplatformprojects.readonly","https://www.googleapis.com/auth/firebase","https://www.googleapis.com/auth/cloud-platform"]
[debug] [2021-04-07T16:24:30.344Z] > authorizing via signed-in user
[debug] [2021-04-07T16:24:30.344Z] [iam] checking project bukjjogeuro for permissions ["firebase.projects.get"]
[debug] [2021-04-07T16:24:30.346Z] > refreshing access token with scopes: ["email","https://www.googleapis.com/auth/cloud-platform","https://www.googleapis.com/auth/cloudplatformprojects.readonly","https://www.googleapis.com/auth/firebase","openid"]
[debug] [2021-04-07T16:24:30.346Z] >>> HTTP REQUEST POST https://www.googleapis.com/oauth2/v3/token  
 <request body omitted>
[debug] [2021-04-07T16:24:30.539Z] <<< HTTP RESPONSE 200 {"expires":"Mon, 01 Jan 1990 00:00:00 GMT","pragma":"no-cache","cache-control":"no-cache, no-store, max-age=0, must-revalidate","date":"Wed, 07 Apr 2021 16:24:30 GMT","content-type":"application/json; charset=utf-8","vary":"X-Origin, Referer, Origin,Accept-Encoding","server":"scaffolding on HTTPServer2","x-xss-protection":"0","x-frame-options":"SAMEORIGIN","x-content-type-options":"nosniff","alt-svc":"h3-29=\":443\"; ma=2592000,h3-T051=\":443\"; ma=2592000,h3-Q050=\":443\"; ma=2592000,h3-Q046=\":443\"; ma=2592000,h3-Q043=\":443\"; ma=2592000,quic=\":443\"; ma=2592000; v=\"46,43\"","accept-ranges":"none","transfer-encoding":"chunked"}
[debug] [2021-04-07T16:24:30.575Z] >>> HTTP REQUEST POST https://cloudresourcemanager.googleapis.com/v1/projects/bukjjogeuro:testIamPermissions  
 {"permissions":["firebase.projects.get"]}
[debug] [2021-04-07T16:24:31.566Z] <<< HTTP RESPONSE 200 {"content-type":"application/json; charset=UTF-8","vary":"X-Origin, Referer, Origin,Accept-Encoding","date":"Wed, 07 Apr 2021 16:24:31 GMT","server":"ESF","cache-control":"private","x-xss-protection":"0","x-frame-options":"SAMEORIGIN","x-content-type-options":"nosniff","server-timing":"gfet4t7; dur=849","alt-svc":"h3-29=\":443\"; ma=2592000,h3-T051=\":443\"; ma=2592000,h3-Q050=\":443\"; ma=2592000,h3-Q046=\":443\"; ma=2592000,h3-Q043=\":443\"; ma=2592000,quic=\":443\"; ma=2592000; v=\"46,43\"","accept-ranges":"none","transfer-encoding":"chunked"}
[debug] [2021-04-07T16:24:31.568Z] > refreshing access token with scopes: []
[debug] [2021-04-07T16:24:31.568Z] >>> HTTP REQUEST POST https://www.googleapis.com/oauth2/v3/token  
 <request body omitted>
[debug] [2021-04-07T16:24:31.741Z] <<< HTTP RESPONSE 200 {"pragma":"no-cache","date":"Wed, 07 Apr 2021 16:24:31 GMT","cache-control":"no-cache, no-store, max-age=0, must-revalidate","expires":"Mon, 01 Jan 1990 00:00:00 GMT","content-type":"application/json; charset=utf-8","vary":"X-Origin, Referer, Origin,Accept-Encoding","server":"scaffolding on HTTPServer2","x-xss-protection":"0","x-frame-options":"SAMEORIGIN","x-content-type-options":"nosniff","alt-svc":"h3-29=\":443\"; ma=2592000,h3-T051=\":443\"; ma=2592000,h3-Q050=\":443\"; ma=2592000,h3-Q046=\":443\"; ma=2592000,h3-Q043=\":443\"; ma=2592000,quic=\":443\"; ma=2592000; v=\"46,43\"","accept-ranges":"none","transfer-encoding":"chunked"}
[debug] [2021-04-07T16:24:31.768Z] >>> [apiv2][query] GET https://firebase.googleapis.com/v1beta1/projects/bukjjogeuro [none]
[debug] [2021-04-07T16:24:32.445Z] <<< [apiv2][status] GET https://firebase.googleapis.com/v1beta1/projects/bukjjogeuro 200
[debug] [2021-04-07T16:24:32.446Z] <<< [apiv2][body] GET https://firebase.googleapis.com/v1beta1/projects/bukjjogeuro {"projectId":"bukjjogeuro","projectNumber":"866985133964","displayName":"bookjjogeuro-server","name":"projects/bukjjogeuro","resources":{"hostingSite":"bukjjogeuro","realtimeDatabaseInstance":"bukjjogeuro","storageBucket":"bukjjogeuro.appspot.com","locationId":"asia-northeast3"},"state":"ACTIVE"}
[info] ✔  functions: Using node@12 from host. {"metadata":{"emulator":{"name":"functions"},"message":"Using node@12 from host."}}
[debug] [2021-04-07T16:24:32.457Z] defaultcredentials: writing to file /Users/qbbang/.config/firebase/qbbang_gmail_com_application_default_credentials.json
[debug] [2021-04-07T16:24:32.459Z] Setting GAC to /Users/qbbang/.config/firebase/qbbang_gmail_com_application_default_credentials.json {"metadata":{"emulator":{"name":"functions"},"message":"Setting GAC to /Users/qbbang/.config/firebase/qbbang_gmail_com_application_default_credentials.json"}}
[debug] [2021-04-07T16:24:32.459Z] >>> [apiv2][query] GET https://firebase.googleapis.com/v1beta1/projects/bukjjogeuro/adminSdkConfig [none]
[debug] [2021-04-07T16:24:33.238Z] <<< [apiv2][status] GET https://firebase.googleapis.com/v1beta1/projects/bukjjogeuro/adminSdkConfig 200
[debug] [2021-04-07T16:24:33.238Z] <<< [apiv2][body] GET https://firebase.googleapis.com/v1beta1/projects/bukjjogeuro/adminSdkConfig {"projectId":"bukjjogeuro","databaseURL":"https://bukjjogeuro.firebaseio.com","storageBucket":"bukjjogeuro.appspot.com","locationId":"asia-northeast3"}
[info] i  functions: Watching "/Users/qbbang/Documents/JokerLee/8th_warming-up_3team_iOS/functions" for Cloud Functions... {"metadata":{"emulator":{"name":"functions"},"message":"Watching \"/Users/qbbang/Documents/JokerLee/8th_warming-up_3team_iOS/functions\" for Cloud Functions..."}}
[debug] [2021-04-07T16:24:33.282Z] [worker-pool] addWorker(~diagnostic~) {"metadata":{"emulator":{"name":"functions"},"message":"[worker-pool] addWorker(~diagnostic~)"}}
[debug] [2021-04-07T16:24:33.282Z] [worker-pool] Adding worker with key ~diagnostic~, total=1 {"metadata":{"emulator":{"name":"functions"},"message":"[worker-pool] Adding worker with key ~diagnostic~, total=1"}}
[debug] [2021-04-07T16:24:33.282Z] [worker-pool] submitWork(triggerId=) {"metadata":{"emulator":{"name":"functions"},"message":"[worker-pool] submitWork(triggerId=)"}}
[debug] [2021-04-07T16:24:33.283Z] [worker-~diagnostic~-ade65240-75e6-482b-b510-bbfa7b80f531]: Assigning socketPath: /var/folders/tg/m_ym3q7s62q11t3r11njmjnw0000gn/T/fire_emu_62684.sock {"metadata":{"emulator":{"name":"functions"},"message":"[worker-~diagnostic~-ade65240-75e6-482b-b510-bbfa7b80f531]: Assigning socketPath: /var/folders/tg/m_ym3q7s62q11t3r11njmjnw0000gn/T/fire_emu_62684.sock"}}
[debug] [2021-04-07T16:24:33.283Z] [worker-~diagnostic~-ade65240-75e6-482b-b510-bbfa7b80f531]: BUSY {"metadata":{"emulator":{"name":"functions"},"message":"[worker-~diagnostic~-ade65240-75e6-482b-b510-bbfa7b80f531]: BUSY"}}
[debug] [2021-04-07T16:24:33.499Z] [runtime-status] [62684] Functions runtime initialized. {"cwd":"/Users/qbbang/Documents/JokerLee/8th_warming-up_3team_iOS/functions","node_version":"12.18.1"} {"metadata":{"emulator":{"name":"functions"},"message":"[runtime-status] [62684] Functions runtime initialized. {\"cwd\":\"/Users/qbbang/Documents/JokerLee/8th_warming-up_3team_iOS/functions\",\"node_version\":\"12.18.1\"}"}}
[debug] [2021-04-07T16:24:33.499Z] [runtime-status] [62684] Disabled runtime features: undefined {"metadata":{"emulator":{"name":"functions"},"message":"[runtime-status] [62684] Disabled runtime features: undefined"}}
[debug] [2021-04-07T16:24:33.501Z] [runtime-status] [62684] Resolved module firebase-admin {"declared":true,"installed":true,"version":"9.6.0","resolution":"/Users/qbbang/Documents/JokerLee/8th_warming-up_3team_iOS/functions/node_modules/firebase-admin/lib/index.js"} {"metadata":{"emulator":{"name":"functions"},"message":"[runtime-status] [62684] Resolved module firebase-admin {\"declared\":true,\"installed\":true,\"version\":\"9.6.0\",\"resolution\":\"/Users/qbbang/Documents/JokerLee/8th_warming-up_3team_iOS/functions/node_modules/firebase-admin/lib/index.js\"}"}}
[debug] [2021-04-07T16:24:33.502Z] [runtime-status] [62684] Resolved module firebase-functions {"declared":true,"installed":true,"version":"3.13.2","resolution":"/Users/qbbang/Documents/JokerLee/8th_warming-up_3team_iOS/functions/node_modules/firebase-functions/lib/index.js"} {"metadata":{"emulator":{"name":"functions"},"message":"[runtime-status] [62684] Resolved module firebase-functions {\"declared\":true,\"installed\":true,\"version\":\"3.13.2\",\"resolution\":\"/Users/qbbang/Documents/JokerLee/8th_warming-up_3team_iOS/functions/node_modules/firebase-functions/lib/index.js\"}"}}
[debug] [2021-04-07T16:24:33.503Z] [runtime-status] [62684] Resolved module firebase-functions {"declared":true,"installed":true,"version":"3.13.2","resolution":"/Users/qbbang/Documents/JokerLee/8th_warming-up_3team_iOS/functions/node_modules/firebase-functions/lib/index.js"} {"metadata":{"emulator":{"name":"functions"},"message":"[runtime-status] [62684] Resolved module firebase-functions {\"declared\":true,\"installed\":true,\"version\":\"3.13.2\",\"resolution\":\"/Users/qbbang/Documents/JokerLee/8th_warming-up_3team_iOS/functions/node_modules/firebase-functions/lib/index.js\"}"}}
[debug] [2021-04-07T16:24:33.505Z] [runtime-status] [62684] Outgoing network have been stubbed. [{"name":"http","status":"mocked"},{"name":"http","status":"mocked"},{"name":"https","status":"mocked"},{"name":"https","status":"mocked"},{"name":"net","status":"mocked"}] {"metadata":{"emulator":{"name":"functions"},"message":"[runtime-status] [62684] Outgoing network have been stubbed. [{\"name\":\"http\",\"status\":\"mocked\"},{\"name\":\"http\",\"status\":\"mocked\"},{\"name\":\"https\",\"status\":\"mocked\"},{\"name\":\"https\",\"status\":\"mocked\"},{\"name\":\"net\",\"status\":\"mocked\"}]"}}
[debug] [2021-04-07T16:24:33.505Z] [runtime-status] [62684] Resolved module firebase-functions {"declared":true,"installed":true,"version":"3.13.2","resolution":"/Users/qbbang/Documents/JokerLee/8th_warming-up_3team_iOS/functions/node_modules/firebase-functions/lib/index.js"} {"metadata":{"emulator":{"name":"functions"},"message":"[runtime-status] [62684] Resolved module firebase-functions {\"declared\":true,\"installed\":true,\"version\":\"3.13.2\",\"resolution\":\"/Users/qbbang/Documents/JokerLee/8th_warming-up_3team_iOS/functions/node_modules/firebase-functions/lib/index.js\"}"}}
[debug] [2021-04-07T16:24:33.573Z] [runtime-status] [62684] Checked functions.config() {"config":{}} {"metadata":{"emulator":{"name":"functions"},"message":"[runtime-status] [62684] Checked functions.config() {\"config\":{}}"}}
[debug] [2021-04-07T16:24:33.573Z] [runtime-status] [62684] firebase-functions has been stubbed. {"functionsResolution":{"declared":true,"installed":true,"version":"3.13.2","resolution":"/Users/qbbang/Documents/JokerLee/8th_warming-up_3team_iOS/functions/node_modules/firebase-functions/lib/index.js"}} {"metadata":{"emulator":{"name":"functions"},"message":"[runtime-status] [62684] firebase-functions has been stubbed. {\"functionsResolution\":{\"declared\":true,\"installed\":true,\"version\":\"3.13.2\",\"resolution\":\"/Users/qbbang/Documents/JokerLee/8th_warming-up_3team_iOS/functions/node_modules/firebase-functions/lib/index.js\"}}"}}
[debug] [2021-04-07T16:24:33.573Z] [runtime-status] [62684] Resolved module firebase-functions {"declared":true,"installed":true,"version":"3.13.2","resolution":"/Users/qbbang/Documents/JokerLee/8th_warming-up_3team_iOS/functions/node_modules/firebase-functions/lib/index.js"} {"metadata":{"emulator":{"name":"functions"},"message":"[runtime-status] [62684] Resolved module firebase-functions {\"declared\":true,\"installed\":true,\"version\":\"3.13.2\",\"resolution\":\"/Users/qbbang/Documents/JokerLee/8th_warming-up_3team_iOS/functions/node_modules/firebase-functions/lib/index.js\"}"}}
[debug] [2021-04-07T16:24:33.574Z] [runtime-status] [62684] Resolved module firebase-admin {"declared":true,"installed":true,"version":"9.6.0","resolution":"/Users/qbbang/Documents/JokerLee/8th_warming-up_3team_iOS/functions/node_modules/firebase-admin/lib/index.js"} {"metadata":{"emulator":{"name":"functions"},"message":"[runtime-status] [62684] Resolved module firebase-admin {\"declared\":true,\"installed\":true,\"version\":\"9.6.0\",\"resolution\":\"/Users/qbbang/Documents/JokerLee/8th_warming-up_3team_iOS/functions/node_modules/firebase-admin/lib/index.js\"}"}}
[debug] [2021-04-07T16:24:33.574Z] [runtime-status] [62684] Resolved module firebase-functions {"declared":true,"installed":true,"version":"3.13.2","resolution":"/Users/qbbang/Documents/JokerLee/8th_warming-up_3team_iOS/functions/node_modules/firebase-functions/lib/index.js"} {"metadata":{"emulator":{"name":"functions"},"message":"[runtime-status] [62684] Resolved module firebase-functions {\"declared\":true,\"installed\":true,\"version\":\"3.13.2\",\"resolution\":\"/Users/qbbang/Documents/JokerLee/8th_warming-up_3team_iOS/functions/node_modules/firebase-functions/lib/index.js\"}"}}
[debug] [2021-04-07T16:24:33.575Z] [runtime-status] [62684] firebase-admin has been stubbed. {"adminResolution":{"declared":true,"installed":true,"version":"9.6.0","resolution":"/Users/qbbang/Documents/JokerLee/8th_warming-up_3team_iOS/functions/node_modules/firebase-admin/lib/index.js"}} {"metadata":{"emulator":{"name":"functions"},"message":"[runtime-status] [62684] firebase-admin has been stubbed. {\"adminResolution\":{\"declared\":true,\"installed\":true,\"version\":\"9.6.0\",\"resolution\":\"/Users/qbbang/Documents/JokerLee/8th_warming-up_3team_iOS/functions/node_modules/firebase-admin/lib/index.js\"}}"}}
[debug] [2021-04-07T16:24:33.577Z] [runtime-status] [62684] initializeApp(DEFAULT) {"storageBucket":"bukjjogeuro.appspot.com","databaseURL":"https://bukjjogeuro.firebaseio.com","projectId":"bukjjogeuro"} {"metadata":{"emulator":{"name":"functions"},"message":"[runtime-status] [62684] initializeApp(DEFAULT) {\"storageBucket\":\"bukjjogeuro.appspot.com\",\"databaseURL\":\"https://bukjjogeuro.firebaseio.com\",\"projectId\":\"bukjjogeuro\"}"}}
[info] ✔  functions[randomNumber]: http function initialized (http://localhost:5000/bukjjogeuro/us-central1/randomNumber). {"metadata":{"emulator":{"name":"functions"},"message":"\u001b[1mhttp\u001b[22m function initialized (http://localhost:5000/bukjjogeuro/us-central1/randomNumber)."}}
[info] ✔  functions[toTheQbbangBlog]: http function initialized (http://localhost:5000/bukjjogeuro/us-central1/toTheQbbangBlog). {"metadata":{"emulator":{"name":"functions"},"message":"\u001b[1mhttp\u001b[22m function initialized (http://localhost:5000/bukjjogeuro/us-central1/toTheQbbangBlog)."}}
[info] i  functions[logActivities]: function ignored because the firestore emulator does not exist or is not running. {"metadata":{"emulator":{"name":"functions"},"message":"function ignored because the firestore emulator does not exist or is not running."}}
[debug] [2021-04-07T16:24:33.580Z] [worker-~diagnostic~-ade65240-75e6-482b-b510-bbfa7b80f531]: IDLE {"metadata":{"emulator":{"name":"functions"},"message":"[worker-~diagnostic~-ade65240-75e6-482b-b510-bbfa7b80f531]: IDLE"}}
[debug] [2021-04-07T16:24:49.029Z] [work-queue] {"queueLength":1,"workRunningCount":0}
[debug] [2021-04-07T16:24:49.029Z] [work-queue] {"queueLength":0,"workRunningCount":1}
[debug] [2021-04-07T16:24:49.030Z] Accepted request POST /bukjjogeuro/us-central1/randomNumber --> randomNumber
[debug] [2021-04-07T16:24:49.034Z] [worker-pool] addWorker(randomNumber) {"metadata":{"emulator":{"name":"functions"},"message":"[worker-pool] addWorker(randomNumber)"}}
[debug] [2021-04-07T16:24:49.035Z] [worker-pool] Adding worker with key randomNumber, total=1 {"metadata":{"emulator":{"name":"functions"},"message":"[worker-pool] Adding worker with key randomNumber, total=1"}}
[debug] [2021-04-07T16:24:49.035Z] [worker-pool] submitWork(triggerId=randomNumber) {"metadata":{"emulator":{"name":"functions"},"message":"[worker-pool] submitWork(triggerId=randomNumber)"}}
[debug] [2021-04-07T16:24:49.035Z] [worker-randomNumber-d8dfcca7-17f4-42c5-8324-60c1da5184e4]: Assigning socketPath: /var/folders/tg/m_ym3q7s62q11t3r11njmjnw0000gn/T/fire_emu_62702.sock {"metadata":{"emulator":{"name":"functions"},"message":"[worker-randomNumber-d8dfcca7-17f4-42c5-8324-60c1da5184e4]: Assigning socketPath: /var/folders/tg/m_ym3q7s62q11t3r11njmjnw0000gn/T/fire_emu_62702.sock"}}
[debug] [2021-04-07T16:24:49.035Z] [worker-randomNumber-d8dfcca7-17f4-42c5-8324-60c1da5184e4]: BUSY {"metadata":{"emulator":{"name":"functions"},"message":"[worker-randomNumber-d8dfcca7-17f4-42c5-8324-60c1da5184e4]: BUSY"}}
[debug] [2021-04-07T16:24:49.264Z] [runtime-status] [62702] Functions runtime initialized. {"cwd":"/Users/qbbang/Documents/JokerLee/8th_warming-up_3team_iOS/functions","node_version":"12.18.1"} {"metadata":{"emulator":{"name":"functions"},"function":{"name":"randomNumber"},"message":"[runtime-status] [62702] Functions runtime initialized. {\"cwd\":\"/Users/qbbang/Documents/JokerLee/8th_warming-up_3team_iOS/functions\",\"node_version\":\"12.18.1\"}"}}
[debug] [2021-04-07T16:24:49.266Z] [runtime-status] [62702] Disabled runtime features: undefined {"metadata":{"emulator":{"name":"functions"},"function":{"name":"randomNumber"},"message":"[runtime-status] [62702] Disabled runtime features: undefined"}}
[debug] [2021-04-07T16:24:49.268Z] [runtime-status] [62702] Resolved module firebase-admin {"declared":true,"installed":true,"version":"9.6.0","resolution":"/Users/qbbang/Documents/JokerLee/8th_warming-up_3team_iOS/functions/node_modules/firebase-admin/lib/index.js"} {"metadata":{"emulator":{"name":"functions"},"function":{"name":"randomNumber"},"message":"[runtime-status] [62702] Resolved module firebase-admin {\"declared\":true,\"installed\":true,\"version\":\"9.6.0\",\"resolution\":\"/Users/qbbang/Documents/JokerLee/8th_warming-up_3team_iOS/functions/node_modules/firebase-admin/lib/index.js\"}"}}
[debug] [2021-04-07T16:24:49.269Z] [runtime-status] [62702] Resolved module firebase-functions {"declared":true,"installed":true,"version":"3.13.2","resolution":"/Users/qbbang/Documents/JokerLee/8th_warming-up_3team_iOS/functions/node_modules/firebase-functions/lib/index.js"} {"metadata":{"emulator":{"name":"functions"},"function":{"name":"randomNumber"},"message":"[runtime-status] [62702] Resolved module firebase-functions {\"declared\":true,\"installed\":true,\"version\":\"3.13.2\",\"resolution\":\"/Users/qbbang/Documents/JokerLee/8th_warming-up_3team_iOS/functions/node_modules/firebase-functions/lib/index.js\"}"}}
[debug] [2021-04-07T16:24:49.270Z] [runtime-status] [62702] Resolved module firebase-functions {"declared":true,"installed":true,"version":"3.13.2","resolution":"/Users/qbbang/Documents/JokerLee/8th_warming-up_3team_iOS/functions/node_modules/firebase-functions/lib/index.js"} {"metadata":{"emulator":{"name":"functions"},"function":{"name":"randomNumber"},"message":"[runtime-status] [62702] Resolved module firebase-functions {\"declared\":true,\"installed\":true,\"version\":\"3.13.2\",\"resolution\":\"/Users/qbbang/Documents/JokerLee/8th_warming-up_3team_iOS/functions/node_modules/firebase-functions/lib/index.js\"}"}}
[debug] [2021-04-07T16:24:49.271Z] [runtime-status] [62702] Outgoing network have been stubbed. [{"name":"http","status":"mocked"},{"name":"http","status":"mocked"},{"name":"https","status":"mocked"},{"name":"https","status":"mocked"},{"name":"net","status":"mocked"}] {"metadata":{"emulator":{"name":"functions"},"function":{"name":"randomNumber"},"message":"[runtime-status] [62702] Outgoing network have been stubbed. [{\"name\":\"http\",\"status\":\"mocked\"},{\"name\":\"http\",\"status\":\"mocked\"},{\"name\":\"https\",\"status\":\"mocked\"},{\"name\":\"https\",\"status\":\"mocked\"},{\"name\":\"net\",\"status\":\"mocked\"}]"}}
[debug] [2021-04-07T16:24:49.272Z] [runtime-status] [62702] Resolved module firebase-functions {"declared":true,"installed":true,"version":"3.13.2","resolution":"/Users/qbbang/Documents/JokerLee/8th_warming-up_3team_iOS/functions/node_modules/firebase-functions/lib/index.js"} {"metadata":{"emulator":{"name":"functions"},"function":{"name":"randomNumber"},"message":"[runtime-status] [62702] Resolved module firebase-functions {\"declared\":true,\"installed\":true,\"version\":\"3.13.2\",\"resolution\":\"/Users/qbbang/Documents/JokerLee/8th_warming-up_3team_iOS/functions/node_modules/firebase-functions/lib/index.js\"}"}}
[debug] [2021-04-07T16:24:49.311Z] [runtime-status] [62702] Checked functions.config() {"config":{}} {"metadata":{"emulator":{"name":"functions"},"function":{"name":"randomNumber"},"message":"[runtime-status] [62702] Checked functions.config() {\"config\":{}}"}}
[debug] [2021-04-07T16:24:49.311Z] [runtime-status] [62702] firebase-functions has been stubbed. {"functionsResolution":{"declared":true,"installed":true,"version":"3.13.2","resolution":"/Users/qbbang/Documents/JokerLee/8th_warming-up_3team_iOS/functions/node_modules/firebase-functions/lib/index.js"}} {"metadata":{"emulator":{"name":"functions"},"function":{"name":"randomNumber"},"message":"[runtime-status] [62702] firebase-functions has been stubbed. {\"functionsResolution\":{\"declared\":true,\"installed\":true,\"version\":\"3.13.2\",\"resolution\":\"/Users/qbbang/Documents/JokerLee/8th_warming-up_3team_iOS/functions/node_modules/firebase-functions/lib/index.js\"}}"}}
[debug] [2021-04-07T16:24:49.311Z] [runtime-status] [62702] Resolved module firebase-functions {"declared":true,"installed":true,"version":"3.13.2","resolution":"/Users/qbbang/Documents/JokerLee/8th_warming-up_3team_iOS/functions/node_modules/firebase-functions/lib/index.js"} {"metadata":{"emulator":{"name":"functions"},"function":{"name":"randomNumber"},"message":"[runtime-status] [62702] Resolved module firebase-functions {\"declared\":true,\"installed\":true,\"version\":\"3.13.2\",\"resolution\":\"/Users/qbbang/Documents/JokerLee/8th_warming-up_3team_iOS/functions/node_modules/firebase-functions/lib/index.js\"}"}}
[debug] [2021-04-07T16:24:49.312Z] [runtime-status] [62702] Resolved module firebase-admin {"declared":true,"installed":true,"version":"9.6.0","resolution":"/Users/qbbang/Documents/JokerLee/8th_warming-up_3team_iOS/functions/node_modules/firebase-admin/lib/index.js"} {"metadata":{"emulator":{"name":"functions"},"function":{"name":"randomNumber"},"message":"[runtime-status] [62702] Resolved module firebase-admin {\"declared\":true,\"installed\":true,\"version\":\"9.6.0\",\"resolution\":\"/Users/qbbang/Documents/JokerLee/8th_warming-up_3team_iOS/functions/node_modules/firebase-admin/lib/index.js\"}"}}
[debug] [2021-04-07T16:24:49.312Z] [runtime-status] [62702] Resolved module firebase-functions {"declared":true,"installed":true,"version":"3.13.2","resolution":"/Users/qbbang/Documents/JokerLee/8th_warming-up_3team_iOS/functions/node_modules/firebase-functions/lib/index.js"} {"metadata":{"emulator":{"name":"functions"},"function":{"name":"randomNumber"},"message":"[runtime-status] [62702] Resolved module firebase-functions {\"declared\":true,\"installed\":true,\"version\":\"3.13.2\",\"resolution\":\"/Users/qbbang/Documents/JokerLee/8th_warming-up_3team_iOS/functions/node_modules/firebase-functions/lib/index.js\"}"}}
[debug] [2021-04-07T16:24:49.312Z] [runtime-status] [62702] firebase-admin has been stubbed. {"adminResolution":{"declared":true,"installed":true,"version":"9.6.0","resolution":"/Users/qbbang/Documents/JokerLee/8th_warming-up_3team_iOS/functions/node_modules/firebase-admin/lib/index.js"}} {"metadata":{"emulator":{"name":"functions"},"function":{"name":"randomNumber"},"message":"[runtime-status] [62702] firebase-admin has been stubbed. {\"adminResolution\":{\"declared\":true,\"installed\":true,\"version\":\"9.6.0\",\"resolution\":\"/Users/qbbang/Documents/JokerLee/8th_warming-up_3team_iOS/functions/node_modules/firebase-admin/lib/index.js\"}}"}}
[debug] [2021-04-07T16:24:49.314Z] [runtime-status] [62702] initializeApp(DEFAULT) {"storageBucket":"bukjjogeuro.appspot.com","databaseURL":"https://bukjjogeuro.firebaseio.com","projectId":"bukjjogeuro"} {"metadata":{"emulator":{"name":"functions"},"function":{"name":"randomNumber"},"message":"[runtime-status] [62702] initializeApp(DEFAULT) {\"storageBucket\":\"bukjjogeuro.appspot.com\",\"databaseURL\":\"https://bukjjogeuro.firebaseio.com\",\"projectId\":\"bukjjogeuro\"}"}}
[debug] [2021-04-07T16:24:49.316Z] [runtime-status] [62702] Trigger "randomNumber" has been found, beginning invocation! {"metadata":{"emulator":{"name":"functions"},"function":{"name":"randomNumber"},"message":"[runtime-status] [62702] Trigger \"randomNumber\" has been found, beginning invocation!"}}
[info] i  functions: Beginning execution of "randomNumber" {"metadata":{"emulator":{"name":"functions"},"function":{"name":"randomNumber"},"message":"Beginning execution of \"randomNumber\""}}
[debug] [2021-04-07T16:24:49.317Z] [runtime-status] [62702] triggerDefinition {"httpsTrigger":{},"name":"randomNumber","entryPoint":"randomNumber"} {"metadata":{"emulator":{"name":"functions"},"function":{"name":"randomNumber"},"message":"[runtime-status] [62702] triggerDefinition {\"httpsTrigger\":{},\"name\":\"randomNumber\",\"entryPoint\":\"randomNumber\"}"}}
[debug] [2021-04-07T16:24:49.317Z] [runtime-status] [62702] Running randomNumber in mode HTTPS {"metadata":{"emulator":{"name":"functions"},"function":{"name":"randomNumber"},"message":"[runtime-status] [62702] Running randomNumber in mode HTTPS"}}
[debug] [2021-04-07T16:24:49.320Z] [runtime-status] [62702] Attempting to listen to socketPath: /var/folders/tg/m_ym3q7s62q11t3r11njmjnw0000gn/T/fire_emu_62702.sock {"metadata":{"emulator":{"name":"functions"},"function":{"name":"randomNumber"},"message":"[runtime-status] [62702] Attempting to listen to socketPath: /var/folders/tg/m_ym3q7s62q11t3r11njmjnw0000gn/T/fire_emu_62702.sock"}}
[debug] [2021-04-07T16:24:49.324Z] [functions] Runtime ready! Sending request! {"metadata":{"emulator":{"name":"functions"},"message":"[functions] Runtime ready! Sending request!"}}
[debug] [2021-04-07T16:24:49.325Z] [functions] Got req.url=/bukjjogeuro/us-central1/randomNumber, mapping to path=/ {"metadata":{"emulator":{"name":"functions"},"message":"[functions] Got req.url=/bukjjogeuro/us-central1/randomNumber, mapping to path=/"}}
[debug] [2021-04-07T16:24:49.342Z] [runtime-status] [62702] Ephemeral server handling POST request {"metadata":{"emulator":{"name":"functions"},"function":{"name":"randomNumber"},"message":"[runtime-status] [62702] Ephemeral server handling POST request"}}
[info] >  request.body =>  { title: '얍얍얍이', object: 'xxxxxx' } {"user":"request.body =>  { title: '얍얍얍이', object: 'xxxxxx' }","metadata":{"emulator":{"name":"functions"},"function":{"name":"randomNumber"},"message":"\u001b[90m> \u001b[39m request.body =>  { title: '얍얍얍이', object: 'xxxxxx' }"}}
[info] >  22 {"user":22,"metadata":{"emulator":{"name":"functions"},"function":{"name":"randomNumber"},"message":"\u001b[90m> \u001b[39m 22"}}
[debug] [2021-04-07T16:24:49.350Z] [runtime-status] [62702] Ephemeral server survived. {"metadata":{"emulator":{"name":"functions"},"function":{"name":"randomNumber"},"message":"[runtime-status] [62702] Ephemeral server survived."}}
[info] i  functions: Finished "randomNumber" in ~1s {"metadata":{"emulator":{"name":"functions"},"function":{"name":"randomNumber"},"message":"Finished \"randomNumber\" in ~1s"}}
[debug] [2021-04-07T16:24:49.350Z] [worker-randomNumber-d8dfcca7-17f4-42c5-8324-60c1da5184e4]: IDLE {"metadata":{"emulator":{"name":"functions"},"message":"[worker-randomNumber-d8dfcca7-17f4-42c5-8324-60c1da5184e4]: IDLE"}}
[debug] [2021-04-07T16:24:49.350Z] [work-queue] {"queueLength":0,"workRunningCount":0}
[debug] [2021-04-07T16:24:54.272Z] [work-queue] {"queueLength":1,"workRunningCount":0}
[debug] [2021-04-07T16:24:54.272Z] [work-queue] {"queueLength":0,"workRunningCount":1}
[debug] [2021-04-07T16:24:54.272Z] Accepted request POST /bukjjogeuro/us-central1/randomNumber --> randomNumber
[debug] [2021-04-07T16:24:54.272Z] [worker-pool] submitWork(triggerId=randomNumber) {"metadata":{"emulator":{"name":"functions"},"message":"[worker-pool] submitWork(triggerId=randomNumber)"}}
[debug] [2021-04-07T16:24:54.273Z] [worker-randomNumber-d8dfcca7-17f4-42c5-8324-60c1da5184e4]: Assigning socketPath: /var/folders/tg/m_ym3q7s62q11t3r11njmjnw0000gn/T/fire_emu_62702.sock {"metadata":{"emulator":{"name":"functions"},"message":"[worker-randomNumber-d8dfcca7-17f4-42c5-8324-60c1da5184e4]: Assigning socketPath: /var/folders/tg/m_ym3q7s62q11t3r11njmjnw0000gn/T/fire_emu_62702.sock"}}
[debug] [2021-04-07T16:24:54.273Z] [worker-randomNumber-d8dfcca7-17f4-42c5-8324-60c1da5184e4]: BUSY {"metadata":{"emulator":{"name":"functions"},"message":"[worker-randomNumber-d8dfcca7-17f4-42c5-8324-60c1da5184e4]: BUSY"}}
[debug] [2021-04-07T16:24:54.273Z] [runtime-status] [62702] Trigger "randomNumber" has been found, beginning invocation! {"metadata":{"emulator":{"name":"functions"},"function":{"name":"randomNumber"},"message":"[runtime-status] [62702] Trigger \"randomNumber\" has been found, beginning invocation!"}}
[info] i  functions: Beginning execution of "randomNumber" {"metadata":{"emulator":{"name":"functions"},"function":{"name":"randomNumber"},"message":"Beginning execution of \"randomNumber\""}}
[debug] [2021-04-07T16:24:54.273Z] [runtime-status] [62702] triggerDefinition {"httpsTrigger":{},"name":"randomNumber","entryPoint":"randomNumber"} {"metadata":{"emulator":{"name":"functions"},"function":{"name":"randomNumber"},"message":"[runtime-status] [62702] triggerDefinition {\"httpsTrigger\":{},\"name\":\"randomNumber\",\"entryPoint\":\"randomNumber\"}"}}
[debug] [2021-04-07T16:24:54.274Z] [runtime-status] [62702] Running randomNumber in mode HTTPS {"metadata":{"emulator":{"name":"functions"},"function":{"name":"randomNumber"},"message":"[runtime-status] [62702] Running randomNumber in mode HTTPS"}}
[debug] [2021-04-07T16:24:54.274Z] [runtime-status] [62702] Attempting to listen to socketPath: /var/folders/tg/m_ym3q7s62q11t3r11njmjnw0000gn/T/fire_emu_62702.sock {"metadata":{"emulator":{"name":"functions"},"function":{"name":"randomNumber"},"message":"[runtime-status] [62702] Attempting to listen to socketPath: /var/folders/tg/m_ym3q7s62q11t3r11njmjnw0000gn/T/fire_emu_62702.sock"}}
[debug] [2021-04-07T16:24:54.274Z] [functions] Runtime ready! Sending request! {"metadata":{"emulator":{"name":"functions"},"message":"[functions] Runtime ready! Sending request!"}}
[debug] [2021-04-07T16:24:54.275Z] [functions] Got req.url=/bukjjogeuro/us-central1/randomNumber, mapping to path=/ {"metadata":{"emulator":{"name":"functions"},"message":"[functions] Got req.url=/bukjjogeuro/us-central1/randomNumber, mapping to path=/"}}
[debug] [2021-04-07T16:24:54.278Z] [runtime-status] [62702] Ephemeral server handling POST request {"metadata":{"emulator":{"name":"functions"},"function":{"name":"randomNumber"},"message":"[runtime-status] [62702] Ephemeral server handling POST request"}}
[info] >  request.body =>  { title: '얍얍얍이', object: 'xxxxxx' } {"user":"request.body =>  { title: '얍얍얍이', object: 'xxxxxx' }","metadata":{"emulator":{"name":"functions"},"function":{"name":"randomNumber"},"message":"\u001b[90m> \u001b[39m request.body =>  { title: '얍얍얍이', object: 'xxxxxx' }"}}
[info] >  25 {"user":25,"metadata":{"emulator":{"name":"functions"},"function":{"name":"randomNumber"},"message":"\u001b[90m> \u001b[39m 25"}}
[debug] [2021-04-07T16:24:54.297Z] [runtime-status] [62702] Ephemeral server survived. {"metadata":{"emulator":{"name":"functions"},"function":{"name":"randomNumber"},"message":"[runtime-status] [62702] Ephemeral server survived."}}
[info] i  functions: Finished "randomNumber" in ~1s {"metadata":{"emulator":{"name":"functions"},"function":{"name":"randomNumber"},"message":"Finished \"randomNumber\" in ~1s"}}
[debug] [2021-04-07T16:24:54.298Z] [worker-randomNumber-d8dfcca7-17f4-42c5-8324-60c1da5184e4]: IDLE {"metadata":{"emulator":{"name":"functions"},"message":"[worker-randomNumber-d8dfcca7-17f4-42c5-8324-60c1da5184e4]: IDLE"}}
[debug] [2021-04-07T16:24:54.298Z] [work-queue] {"queueLength":0,"workRunningCount":0}
[debug] [2021-04-07T16:25:56.156Z] File /Users/qbbang/Documents/JokerLee/8th_warming-up_3team_iOS/functions/src/index.ts changed, reloading triggers {"metadata":{"emulator":{"name":"functions"},"message":"File /Users/qbbang/Documents/JokerLee/8th_warming-up_3team_iOS/functions/src/index.ts changed, reloading triggers"}}
[debug] [2021-04-07T16:25:57.161Z] [worker-pool] Shutting down IDLE worker (~diagnostic~) {"metadata":{"emulator":{"name":"functions"},"message":"[worker-pool] Shutting down IDLE worker (~diagnostic~)"}}
[debug] [2021-04-07T16:25:57.161Z] [worker-~diagnostic~-ade65240-75e6-482b-b510-bbfa7b80f531]: FINISHING {"metadata":{"emulator":{"name":"functions"},"message":"[worker-~diagnostic~-ade65240-75e6-482b-b510-bbfa7b80f531]: FINISHING"}}
[debug] [2021-04-07T16:25:57.161Z] [worker-pool] Shutting down IDLE worker (randomNumber) {"metadata":{"emulator":{"name":"functions"},"message":"[worker-pool] Shutting down IDLE worker (randomNumber)"}}
[debug] [2021-04-07T16:25:57.161Z] [worker-randomNumber-d8dfcca7-17f4-42c5-8324-60c1da5184e4]: FINISHING {"metadata":{"emulator":{"name":"functions"},"message":"[worker-randomNumber-d8dfcca7-17f4-42c5-8324-60c1da5184e4]: FINISHING"}}
[debug] [2021-04-07T16:25:57.166Z] [worker-pool] addWorker(~diagnostic~) {"metadata":{"emulator":{"name":"functions"},"message":"[worker-pool] addWorker(~diagnostic~)"}}
[debug] [2021-04-07T16:25:57.166Z] [worker-pool] Adding worker with key ~diagnostic~, total=2 {"metadata":{"emulator":{"name":"functions"},"message":"[worker-pool] Adding worker with key ~diagnostic~, total=2"}}
[debug] [2021-04-07T16:25:57.166Z] [worker-pool] submitWork(triggerId=) {"metadata":{"emulator":{"name":"functions"},"message":"[worker-pool] submitWork(triggerId=)"}}
[debug] [2021-04-07T16:25:57.167Z] [worker-~diagnostic~-e7acbd5c-951c-4382-9143-505d00592c4c]: Assigning socketPath: /var/folders/tg/m_ym3q7s62q11t3r11njmjnw0000gn/T/fire_emu_62791.sock {"metadata":{"emulator":{"name":"functions"},"message":"[worker-~diagnostic~-e7acbd5c-951c-4382-9143-505d00592c4c]: Assigning socketPath: /var/folders/tg/m_ym3q7s62q11t3r11njmjnw0000gn/T/fire_emu_62791.sock"}}
[debug] [2021-04-07T16:25:57.167Z] [worker-~diagnostic~-e7acbd5c-951c-4382-9143-505d00592c4c]: BUSY {"metadata":{"emulator":{"name":"functions"},"message":"[worker-~diagnostic~-e7acbd5c-951c-4382-9143-505d00592c4c]: BUSY"}}
[debug] [2021-04-07T16:25:57.171Z] [worker-~diagnostic~-ade65240-75e6-482b-b510-bbfa7b80f531]: exited {"metadata":{"emulator":{"name":"functions"},"message":"[worker-~diagnostic~-ade65240-75e6-482b-b510-bbfa7b80f531]: exited"}}
[debug] [2021-04-07T16:25:57.171Z] [worker-~diagnostic~-ade65240-75e6-482b-b510-bbfa7b80f531]: FINISHED {"metadata":{"emulator":{"name":"functions"},"message":"[worker-~diagnostic~-ade65240-75e6-482b-b510-bbfa7b80f531]: FINISHED"}}
[debug] [2021-04-07T16:25:57.171Z] [worker-randomNumber-d8dfcca7-17f4-42c5-8324-60c1da5184e4]: exited {"metadata":{"emulator":{"name":"functions"},"message":"[worker-randomNumber-d8dfcca7-17f4-42c5-8324-60c1da5184e4]: exited"}}
[debug] [2021-04-07T16:25:57.171Z] [worker-randomNumber-d8dfcca7-17f4-42c5-8324-60c1da5184e4]: FINISHED {"metadata":{"emulator":{"name":"functions"},"message":"[worker-randomNumber-d8dfcca7-17f4-42c5-8324-60c1da5184e4]: FINISHED"}}
[debug] [2021-04-07T16:25:57.390Z] [runtime-status] [62791] Functions runtime initialized. {"cwd":"/Users/qbbang/Documents/JokerLee/8th_warming-up_3team_iOS/functions","node_version":"12.18.1"} {"metadata":{"emulator":{"name":"functions"},"message":"[runtime-status] [62791] Functions runtime initialized. {\"cwd\":\"/Users/qbbang/Documents/JokerLee/8th_warming-up_3team_iOS/functions\",\"node_version\":\"12.18.1\"}"}}
[debug] [2021-04-07T16:25:57.392Z] [runtime-status] [62791] Disabled runtime features: undefined {"metadata":{"emulator":{"name":"functions"},"message":"[runtime-status] [62791] Disabled runtime features: undefined"}}
[debug] [2021-04-07T16:25:57.394Z] [runtime-status] [62791] Resolved module firebase-admin {"declared":true,"installed":true,"version":"9.6.0","resolution":"/Users/qbbang/Documents/JokerLee/8th_warming-up_3team_iOS/functions/node_modules/firebase-admin/lib/index.js"} {"metadata":{"emulator":{"name":"functions"},"message":"[runtime-status] [62791] Resolved module firebase-admin {\"declared\":true,\"installed\":true,\"version\":\"9.6.0\",\"resolution\":\"/Users/qbbang/Documents/JokerLee/8th_warming-up_3team_iOS/functions/node_modules/firebase-admin/lib/index.js\"}"}}
[debug] [2021-04-07T16:25:57.395Z] [runtime-status] [62791] Resolved module firebase-functions {"declared":true,"installed":true,"version":"3.13.2","resolution":"/Users/qbbang/Documents/JokerLee/8th_warming-up_3team_iOS/functions/node_modules/firebase-functions/lib/index.js"} {"metadata":{"emulator":{"name":"functions"},"message":"[runtime-status] [62791] Resolved module firebase-functions {\"declared\":true,\"installed\":true,\"version\":\"3.13.2\",\"resolution\":\"/Users/qbbang/Documents/JokerLee/8th_warming-up_3team_iOS/functions/node_modules/firebase-functions/lib/index.js\"}"}}
[debug] [2021-04-07T16:25:57.395Z] [runtime-status] [62791] Resolved module firebase-functions {"declared":true,"installed":true,"version":"3.13.2","resolution":"/Users/qbbang/Documents/JokerLee/8th_warming-up_3team_iOS/functions/node_modules/firebase-functions/lib/index.js"} {"metadata":{"emulator":{"name":"functions"},"message":"[runtime-status] [62791] Resolved module firebase-functions {\"declared\":true,\"installed\":true,\"version\":\"3.13.2\",\"resolution\":\"/Users/qbbang/Documents/JokerLee/8th_warming-up_3team_iOS/functions/node_modules/firebase-functions/lib/index.js\"}"}}
[debug] [2021-04-07T16:25:57.397Z] [runtime-status] [62791] Outgoing network have been stubbed. [{"name":"http","status":"mocked"},{"name":"http","status":"mocked"},{"name":"https","status":"mocked"},{"name":"https","status":"mocked"},{"name":"net","status":"mocked"}] {"metadata":{"emulator":{"name":"functions"},"message":"[runtime-status] [62791] Outgoing network have been stubbed. [{\"name\":\"http\",\"status\":\"mocked\"},{\"name\":\"http\",\"status\":\"mocked\"},{\"name\":\"https\",\"status\":\"mocked\"},{\"name\":\"https\",\"status\":\"mocked\"},{\"name\":\"net\",\"status\":\"mocked\"}]"}}
[debug] [2021-04-07T16:25:57.397Z] [runtime-status] [62791] Resolved module firebase-functions {"declared":true,"installed":true,"version":"3.13.2","resolution":"/Users/qbbang/Documents/JokerLee/8th_warming-up_3team_iOS/functions/node_modules/firebase-functions/lib/index.js"} {"metadata":{"emulator":{"name":"functions"},"message":"[runtime-status] [62791] Resolved module firebase-functions {\"declared\":true,\"installed\":true,\"version\":\"3.13.2\",\"resolution\":\"/Users/qbbang/Documents/JokerLee/8th_warming-up_3team_iOS/functions/node_modules/firebase-functions/lib/index.js\"}"}}
[debug] [2021-04-07T16:25:57.434Z] [runtime-status] [62791] Checked functions.config() {"config":{}} {"metadata":{"emulator":{"name":"functions"},"message":"[runtime-status] [62791] Checked functions.config() {\"config\":{}}"}}
[debug] [2021-04-07T16:25:57.434Z] [runtime-status] [62791] firebase-functions has been stubbed. {"functionsResolution":{"declared":true,"installed":true,"version":"3.13.2","resolution":"/Users/qbbang/Documents/JokerLee/8th_warming-up_3team_iOS/functions/node_modules/firebase-functions/lib/index.js"}} {"metadata":{"emulator":{"name":"functions"},"message":"[runtime-status] [62791] firebase-functions has been stubbed. {\"functionsResolution\":{\"declared\":true,\"installed\":true,\"version\":\"3.13.2\",\"resolution\":\"/Users/qbbang/Documents/JokerLee/8th_warming-up_3team_iOS/functions/node_modules/firebase-functions/lib/index.js\"}}"}}
[debug] [2021-04-07T16:25:57.434Z] [runtime-status] [62791] Resolved module firebase-functions {"declared":true,"installed":true,"version":"3.13.2","resolution":"/Users/qbbang/Documents/JokerLee/8th_warming-up_3team_iOS/functions/node_modules/firebase-functions/lib/index.js"} {"metadata":{"emulator":{"name":"functions"},"message":"[runtime-status] [62791] Resolved module firebase-functions {\"declared\":true,\"installed\":true,\"version\":\"3.13.2\",\"resolution\":\"/Users/qbbang/Documents/JokerLee/8th_warming-up_3team_iOS/functions/node_modules/firebase-functions/lib/index.js\"}"}}
[debug] [2021-04-07T16:25:57.435Z] [runtime-status] [62791] Resolved module firebase-admin {"declared":true,"installed":true,"version":"9.6.0","resolution":"/Users/qbbang/Documents/JokerLee/8th_warming-up_3team_iOS/functions/node_modules/firebase-admin/lib/index.js"} {"metadata":{"emulator":{"name":"functions"},"message":"[runtime-status] [62791] Resolved module firebase-admin {\"declared\":true,\"installed\":true,\"version\":\"9.6.0\",\"resolution\":\"/Users/qbbang/Documents/JokerLee/8th_warming-up_3team_iOS/functions/node_modules/firebase-admin/lib/index.js\"}"}}
[debug] [2021-04-07T16:25:57.436Z] [runtime-status] [62791] Resolved module firebase-functions {"declared":true,"installed":true,"version":"3.13.2","resolution":"/Users/qbbang/Documents/JokerLee/8th_warming-up_3team_iOS/functions/node_modules/firebase-functions/lib/index.js"} {"metadata":{"emulator":{"name":"functions"},"message":"[runtime-status] [62791] Resolved module firebase-functions {\"declared\":true,\"installed\":true,\"version\":\"3.13.2\",\"resolution\":\"/Users/qbbang/Documents/JokerLee/8th_warming-up_3team_iOS/functions/node_modules/firebase-functions/lib/index.js\"}"}}
[debug] [2021-04-07T16:25:57.436Z] [runtime-status] [62791] firebase-admin has been stubbed. {"adminResolution":{"declared":true,"installed":true,"version":"9.6.0","resolution":"/Users/qbbang/Documents/JokerLee/8th_warming-up_3team_iOS/functions/node_modules/firebase-admin/lib/index.js"}} {"metadata":{"emulator":{"name":"functions"},"message":"[runtime-status] [62791] firebase-admin has been stubbed. {\"adminResolution\":{\"declared\":true,\"installed\":true,\"version\":\"9.6.0\",\"resolution\":\"/Users/qbbang/Documents/JokerLee/8th_warming-up_3team_iOS/functions/node_modules/firebase-admin/lib/index.js\"}}"}}
[debug] [2021-04-07T16:25:57.438Z] [runtime-status] [62791] initializeApp(DEFAULT) {"storageBucket":"bukjjogeuro.appspot.com","databaseURL":"https://bukjjogeuro.firebaseio.com","projectId":"bukjjogeuro"} {"metadata":{"emulator":{"name":"functions"},"message":"[runtime-status] [62791] initializeApp(DEFAULT) {\"storageBucket\":\"bukjjogeuro.appspot.com\",\"databaseURL\":\"https://bukjjogeuro.firebaseio.com\",\"projectId\":\"bukjjogeuro\"}"}}
[debug] [2021-04-07T16:25:57.439Z] [worker-~diagnostic~-e7acbd5c-951c-4382-9143-505d00592c4c]: IDLE {"metadata":{"emulator":{"name":"functions"},"message":"[worker-~diagnostic~-e7acbd5c-951c-4382-9143-505d00592c4c]: IDLE"}}
[debug] [2021-04-07T16:26:48.403Z] File /Users/qbbang/Documents/JokerLee/8th_warming-up_3team_iOS/functions/src/index.ts changed, reloading triggers {"metadata":{"emulator":{"name":"functions"},"message":"File /Users/qbbang/Documents/JokerLee/8th_warming-up_3team_iOS/functions/src/index.ts changed, reloading triggers"}}
[debug] [2021-04-07T16:26:48.610Z] File /Users/qbbang/Documents/JokerLee/8th_warming-up_3team_iOS/functions/src/index.ts changed, reloading triggers {"metadata":{"emulator":{"name":"functions"},"message":"File /Users/qbbang/Documents/JokerLee/8th_warming-up_3team_iOS/functions/src/index.ts changed, reloading triggers"}}
[debug] [2021-04-07T16:26:49.615Z] [worker-pool] Shutting down IDLE worker (~diagnostic~) {"metadata":{"emulator":{"name":"functions"},"message":"[worker-pool] Shutting down IDLE worker (~diagnostic~)"}}
[debug] [2021-04-07T16:26:49.615Z] [worker-~diagnostic~-e7acbd5c-951c-4382-9143-505d00592c4c]: FINISHING {"metadata":{"emulator":{"name":"functions"},"message":"[worker-~diagnostic~-e7acbd5c-951c-4382-9143-505d00592c4c]: FINISHING"}}
[debug] [2021-04-07T16:26:49.616Z] [worker-pool] Cleaned up workers for ~diagnostic~: 2 --> 1 {"metadata":{"emulator":{"name":"functions"},"message":"[worker-pool] Cleaned up workers for ~diagnostic~: 2 --> 1"}}
[debug] [2021-04-07T16:26:49.616Z] [worker-pool] Cleaned up workers for randomNumber: 1 --> 0 {"metadata":{"emulator":{"name":"functions"},"message":"[worker-pool] Cleaned up workers for randomNumber: 1 --> 0"}}
[debug] [2021-04-07T16:26:49.621Z] [worker-pool] addWorker(~diagnostic~) {"metadata":{"emulator":{"name":"functions"},"message":"[worker-pool] addWorker(~diagnostic~)"}}
[debug] [2021-04-07T16:26:49.621Z] [worker-pool] Adding worker with key ~diagnostic~, total=2 {"metadata":{"emulator":{"name":"functions"},"message":"[worker-pool] Adding worker with key ~diagnostic~, total=2"}}
[debug] [2021-04-07T16:26:49.621Z] [worker-pool] submitWork(triggerId=) {"metadata":{"emulator":{"name":"functions"},"message":"[worker-pool] submitWork(triggerId=)"}}
[debug] [2021-04-07T16:26:49.621Z] [worker-~diagnostic~-9a8cb5a6-6fc0-4877-96c9-49e7e6352eee]: Assigning socketPath: /var/folders/tg/m_ym3q7s62q11t3r11njmjnw0000gn/T/fire_emu_62855.sock {"metadata":{"emulator":{"name":"functions"},"message":"[worker-~diagnostic~-9a8cb5a6-6fc0-4877-96c9-49e7e6352eee]: Assigning socketPath: /var/folders/tg/m_ym3q7s62q11t3r11njmjnw0000gn/T/fire_emu_62855.sock"}}
[debug] [2021-04-07T16:26:49.621Z] [worker-~diagnostic~-9a8cb5a6-6fc0-4877-96c9-49e7e6352eee]: BUSY {"metadata":{"emulator":{"name":"functions"},"message":"[worker-~diagnostic~-9a8cb5a6-6fc0-4877-96c9-49e7e6352eee]: BUSY"}}
[debug] [2021-04-07T16:26:49.624Z] [worker-~diagnostic~-e7acbd5c-951c-4382-9143-505d00592c4c]: exited {"metadata":{"emulator":{"name":"functions"},"message":"[worker-~diagnostic~-e7acbd5c-951c-4382-9143-505d00592c4c]: exited"}}
[debug] [2021-04-07T16:26:49.624Z] [worker-~diagnostic~-e7acbd5c-951c-4382-9143-505d00592c4c]: FINISHED {"metadata":{"emulator":{"name":"functions"},"message":"[worker-~diagnostic~-e7acbd5c-951c-4382-9143-505d00592c4c]: FINISHED"}}
[debug] [2021-04-07T16:26:49.839Z] [runtime-status] [62855] Functions runtime initialized. {"cwd":"/Users/qbbang/Documents/JokerLee/8th_warming-up_3team_iOS/functions","node_version":"12.18.1"} {"metadata":{"emulator":{"name":"functions"},"message":"[runtime-status] [62855] Functions runtime initialized. {\"cwd\":\"/Users/qbbang/Documents/JokerLee/8th_warming-up_3team_iOS/functions\",\"node_version\":\"12.18.1\"}"}}
[debug] [2021-04-07T16:26:49.840Z] [runtime-status] [62855] Disabled runtime features: undefined {"metadata":{"emulator":{"name":"functions"},"message":"[runtime-status] [62855] Disabled runtime features: undefined"}}
[debug] [2021-04-07T16:26:49.842Z] [runtime-status] [62855] Resolved module firebase-admin {"declared":true,"installed":true,"version":"9.6.0","resolution":"/Users/qbbang/Documents/JokerLee/8th_warming-up_3team_iOS/functions/node_modules/firebase-admin/lib/index.js"} {"metadata":{"emulator":{"name":"functions"},"message":"[runtime-status] [62855] Resolved module firebase-admin {\"declared\":true,\"installed\":true,\"version\":\"9.6.0\",\"resolution\":\"/Users/qbbang/Documents/JokerLee/8th_warming-up_3team_iOS/functions/node_modules/firebase-admin/lib/index.js\"}"}}
[debug] [2021-04-07T16:26:49.843Z] [runtime-status] [62855] Resolved module firebase-functions {"declared":true,"installed":true,"version":"3.13.2","resolution":"/Users/qbbang/Documents/JokerLee/8th_warming-up_3team_iOS/functions/node_modules/firebase-functions/lib/index.js"} {"metadata":{"emulator":{"name":"functions"},"message":"[runtime-status] [62855] Resolved module firebase-functions {\"declared\":true,\"installed\":true,\"version\":\"3.13.2\",\"resolution\":\"/Users/qbbang/Documents/JokerLee/8th_warming-up_3team_iOS/functions/node_modules/firebase-functions/lib/index.js\"}"}}
[debug] [2021-04-07T16:26:49.843Z] [runtime-status] [62855] Resolved module firebase-functions {"declared":true,"installed":true,"version":"3.13.2","resolution":"/Users/qbbang/Documents/JokerLee/8th_warming-up_3team_iOS/functions/node_modules/firebase-functions/lib/index.js"} {"metadata":{"emulator":{"name":"functions"},"message":"[runtime-status] [62855] Resolved module firebase-functions {\"declared\":true,\"installed\":true,\"version\":\"3.13.2\",\"resolution\":\"/Users/qbbang/Documents/JokerLee/8th_warming-up_3team_iOS/functions/node_modules/firebase-functions/lib/index.js\"}"}}
[debug] [2021-04-07T16:26:49.844Z] [runtime-status] [62855] Outgoing network have been stubbed. [{"name":"http","status":"mocked"},{"name":"http","status":"mocked"},{"name":"https","status":"mocked"},{"name":"https","status":"mocked"},{"name":"net","status":"mocked"}] {"metadata":{"emulator":{"name":"functions"},"message":"[runtime-status] [62855] Outgoing network have been stubbed. [{\"name\":\"http\",\"status\":\"mocked\"},{\"name\":\"http\",\"status\":\"mocked\"},{\"name\":\"https\",\"status\":\"mocked\"},{\"name\":\"https\",\"status\":\"mocked\"},{\"name\":\"net\",\"status\":\"mocked\"}]"}}
[debug] [2021-04-07T16:26:49.845Z] [runtime-status] [62855] Resolved module firebase-functions {"declared":true,"installed":true,"version":"3.13.2","resolution":"/Users/qbbang/Documents/JokerLee/8th_warming-up_3team_iOS/functions/node_modules/firebase-functions/lib/index.js"} {"metadata":{"emulator":{"name":"functions"},"message":"[runtime-status] [62855] Resolved module firebase-functions {\"declared\":true,\"installed\":true,\"version\":\"3.13.2\",\"resolution\":\"/Users/qbbang/Documents/JokerLee/8th_warming-up_3team_iOS/functions/node_modules/firebase-functions/lib/index.js\"}"}}
[debug] [2021-04-07T16:26:49.875Z] [runtime-status] [62855] Checked functions.config() {"config":{}} {"metadata":{"emulator":{"name":"functions"},"message":"[runtime-status] [62855] Checked functions.config() {\"config\":{}}"}}
[debug] [2021-04-07T16:26:49.875Z] [runtime-status] [62855] firebase-functions has been stubbed. {"functionsResolution":{"declared":true,"installed":true,"version":"3.13.2","resolution":"/Users/qbbang/Documents/JokerLee/8th_warming-up_3team_iOS/functions/node_modules/firebase-functions/lib/index.js"}} {"metadata":{"emulator":{"name":"functions"},"message":"[runtime-status] [62855] firebase-functions has been stubbed. {\"functionsResolution\":{\"declared\":true,\"installed\":true,\"version\":\"3.13.2\",\"resolution\":\"/Users/qbbang/Documents/JokerLee/8th_warming-up_3team_iOS/functions/node_modules/firebase-functions/lib/index.js\"}}"}}
[debug] [2021-04-07T16:26:49.876Z] [runtime-status] [62855] Resolved module firebase-functions {"declared":true,"installed":true,"version":"3.13.2","resolution":"/Users/qbbang/Documents/JokerLee/8th_warming-up_3team_iOS/functions/node_modules/firebase-functions/lib/index.js"} {"metadata":{"emulator":{"name":"functions"},"message":"[runtime-status] [62855] Resolved module firebase-functions {\"declared\":true,\"installed\":true,\"version\":\"3.13.2\",\"resolution\":\"/Users/qbbang/Documents/JokerLee/8th_warming-up_3team_iOS/functions/node_modules/firebase-functions/lib/index.js\"}"}}
[debug] [2021-04-07T16:26:49.877Z] [runtime-status] [62855] Resolved module firebase-admin {"declared":true,"installed":true,"version":"9.6.0","resolution":"/Users/qbbang/Documents/JokerLee/8th_warming-up_3team_iOS/functions/node_modules/firebase-admin/lib/index.js"} {"metadata":{"emulator":{"name":"functions"},"message":"[runtime-status] [62855] Resolved module firebase-admin {\"declared\":true,\"installed\":true,\"version\":\"9.6.0\",\"resolution\":\"/Users/qbbang/Documents/JokerLee/8th_warming-up_3team_iOS/functions/node_modules/firebase-admin/lib/index.js\"}"}}
[debug] [2021-04-07T16:26:49.877Z] [runtime-status] [62855] Resolved module firebase-functions {"declared":true,"installed":true,"version":"3.13.2","resolution":"/Users/qbbang/Documents/JokerLee/8th_warming-up_3team_iOS/functions/node_modules/firebase-functions/lib/index.js"} {"metadata":{"emulator":{"name":"functions"},"message":"[runtime-status] [62855] Resolved module firebase-functions {\"declared\":true,\"installed\":true,\"version\":\"3.13.2\",\"resolution\":\"/Users/qbbang/Documents/JokerLee/8th_warming-up_3team_iOS/functions/node_modules/firebase-functions/lib/index.js\"}"}}
[debug] [2021-04-07T16:26:49.877Z] [runtime-status] [62855] firebase-admin has been stubbed. {"adminResolution":{"declared":true,"installed":true,"version":"9.6.0","resolution":"/Users/qbbang/Documents/JokerLee/8th_warming-up_3team_iOS/functions/node_modules/firebase-admin/lib/index.js"}} {"metadata":{"emulator":{"name":"functions"},"message":"[runtime-status] [62855] firebase-admin has been stubbed. {\"adminResolution\":{\"declared\":true,\"installed\":true,\"version\":\"9.6.0\",\"resolution\":\"/Users/qbbang/Documents/JokerLee/8th_warming-up_3team_iOS/functions/node_modules/firebase-admin/lib/index.js\"}}"}}
[debug] [2021-04-07T16:26:49.878Z] [runtime-status] [62855] initializeApp(DEFAULT) {"storageBucket":"bukjjogeuro.appspot.com","databaseURL":"https://bukjjogeuro.firebaseio.com","projectId":"bukjjogeuro"} {"metadata":{"emulator":{"name":"functions"},"message":"[runtime-status] [62855] initializeApp(DEFAULT) {\"storageBucket\":\"bukjjogeuro.appspot.com\",\"databaseURL\":\"https://bukjjogeuro.firebaseio.com\",\"projectId\":\"bukjjogeuro\"}"}}
[debug] [2021-04-07T16:26:49.879Z] [worker-~diagnostic~-9a8cb5a6-6fc0-4877-96c9-49e7e6352eee]: IDLE {"metadata":{"emulator":{"name":"functions"},"message":"[worker-~diagnostic~-9a8cb5a6-6fc0-4877-96c9-49e7e6352eee]: IDLE"}}
[debug] [2021-04-07T16:26:57.684Z] File /Users/qbbang/Documents/JokerLee/8th_warming-up_3team_iOS/functions/src/index.ts changed, reloading triggers {"metadata":{"emulator":{"name":"functions"},"message":"File /Users/qbbang/Documents/JokerLee/8th_warming-up_3team_iOS/functions/src/index.ts changed, reloading triggers"}}
[debug] [2021-04-07T16:26:58.687Z] [worker-pool] Shutting down IDLE worker (~diagnostic~) {"metadata":{"emulator":{"name":"functions"},"message":"[worker-pool] Shutting down IDLE worker (~diagnostic~)"}}
[debug] [2021-04-07T16:26:58.688Z] [worker-~diagnostic~-9a8cb5a6-6fc0-4877-96c9-49e7e6352eee]: FINISHING {"metadata":{"emulator":{"name":"functions"},"message":"[worker-~diagnostic~-9a8cb5a6-6fc0-4877-96c9-49e7e6352eee]: FINISHING"}}
[debug] [2021-04-07T16:26:58.688Z] [worker-pool] Cleaned up workers for ~diagnostic~: 2 --> 1 {"metadata":{"emulator":{"name":"functions"},"message":"[worker-pool] Cleaned up workers for ~diagnostic~: 2 --> 1"}}
[debug] [2021-04-07T16:26:58.693Z] [worker-pool] addWorker(~diagnostic~) {"metadata":{"emulator":{"name":"functions"},"message":"[worker-pool] addWorker(~diagnostic~)"}}
[debug] [2021-04-07T16:26:58.693Z] [worker-pool] Adding worker with key ~diagnostic~, total=2 {"metadata":{"emulator":{"name":"functions"},"message":"[worker-pool] Adding worker with key ~diagnostic~, total=2"}}
[debug] [2021-04-07T16:26:58.693Z] [worker-pool] submitWork(triggerId=) {"metadata":{"emulator":{"name":"functions"},"message":"[worker-pool] submitWork(triggerId=)"}}
[debug] [2021-04-07T16:26:58.693Z] [worker-~diagnostic~-64e7f2d5-6c8f-4a8e-9f18-9808d83d80a8]: Assigning socketPath: /var/folders/tg/m_ym3q7s62q11t3r11njmjnw0000gn/T/fire_emu_62875.sock {"metadata":{"emulator":{"name":"functions"},"message":"[worker-~diagnostic~-64e7f2d5-6c8f-4a8e-9f18-9808d83d80a8]: Assigning socketPath: /var/folders/tg/m_ym3q7s62q11t3r11njmjnw0000gn/T/fire_emu_62875.sock"}}
[debug] [2021-04-07T16:26:58.693Z] [worker-~diagnostic~-64e7f2d5-6c8f-4a8e-9f18-9808d83d80a8]: BUSY {"metadata":{"emulator":{"name":"functions"},"message":"[worker-~diagnostic~-64e7f2d5-6c8f-4a8e-9f18-9808d83d80a8]: BUSY"}}
[debug] [2021-04-07T16:26:58.695Z] [worker-~diagnostic~-9a8cb5a6-6fc0-4877-96c9-49e7e6352eee]: exited {"metadata":{"emulator":{"name":"functions"},"message":"[worker-~diagnostic~-9a8cb5a6-6fc0-4877-96c9-49e7e6352eee]: exited"}}
[debug] [2021-04-07T16:26:58.696Z] [worker-~diagnostic~-9a8cb5a6-6fc0-4877-96c9-49e7e6352eee]: FINISHED {"metadata":{"emulator":{"name":"functions"},"message":"[worker-~diagnostic~-9a8cb5a6-6fc0-4877-96c9-49e7e6352eee]: FINISHED"}}
[debug] [2021-04-07T16:26:58.926Z] [runtime-status] [62875] Functions runtime initialized. {"cwd":"/Users/qbbang/Documents/JokerLee/8th_warming-up_3team_iOS/functions","node_version":"12.18.1"} {"metadata":{"emulator":{"name":"functions"},"message":"[runtime-status] [62875] Functions runtime initialized. {\"cwd\":\"/Users/qbbang/Documents/JokerLee/8th_warming-up_3team_iOS/functions\",\"node_version\":\"12.18.1\"}"}}
[debug] [2021-04-07T16:26:58.928Z] [runtime-status] [62875] Disabled runtime features: undefined {"metadata":{"emulator":{"name":"functions"},"message":"[runtime-status] [62875] Disabled runtime features: undefined"}}
[debug] [2021-04-07T16:26:58.930Z] [runtime-status] [62875] Resolved module firebase-admin {"declared":true,"installed":true,"version":"9.6.0","resolution":"/Users/qbbang/Documents/JokerLee/8th_warming-up_3team_iOS/functions/node_modules/firebase-admin/lib/index.js"} {"metadata":{"emulator":{"name":"functions"},"message":"[runtime-status] [62875] Resolved module firebase-admin {\"declared\":true,\"installed\":true,\"version\":\"9.6.0\",\"resolution\":\"/Users/qbbang/Documents/JokerLee/8th_warming-up_3team_iOS/functions/node_modules/firebase-admin/lib/index.js\"}"}}
[debug] [2021-04-07T16:26:58.931Z] [runtime-status] [62875] Resolved module firebase-functions {"declared":true,"installed":true,"version":"3.13.2","resolution":"/Users/qbbang/Documents/JokerLee/8th_warming-up_3team_iOS/functions/node_modules/firebase-functions/lib/index.js"} {"metadata":{"emulator":{"name":"functions"},"message":"[runtime-status] [62875] Resolved module firebase-functions {\"declared\":true,\"installed\":true,\"version\":\"3.13.2\",\"resolution\":\"/Users/qbbang/Documents/JokerLee/8th_warming-up_3team_iOS/functions/node_modules/firebase-functions/lib/index.js\"}"}}
[debug] [2021-04-07T16:26:58.932Z] [runtime-status] [62875] Resolved module firebase-functions {"declared":true,"installed":true,"version":"3.13.2","resolution":"/Users/qbbang/Documents/JokerLee/8th_warming-up_3team_iOS/functions/node_modules/firebase-functions/lib/index.js"} {"metadata":{"emulator":{"name":"functions"},"message":"[runtime-status] [62875] Resolved module firebase-functions {\"declared\":true,\"installed\":true,\"version\":\"3.13.2\",\"resolution\":\"/Users/qbbang/Documents/JokerLee/8th_warming-up_3team_iOS/functions/node_modules/firebase-functions/lib/index.js\"}"}}
[debug] [2021-04-07T16:26:58.933Z] [runtime-status] [62875] Outgoing network have been stubbed. [{"name":"http","status":"mocked"},{"name":"http","status":"mocked"},{"name":"https","status":"mocked"},{"name":"https","status":"mocked"},{"name":"net","status":"mocked"}] {"metadata":{"emulator":{"name":"functions"},"message":"[runtime-status] [62875] Outgoing network have been stubbed. [{\"name\":\"http\",\"status\":\"mocked\"},{\"name\":\"http\",\"status\":\"mocked\"},{\"name\":\"https\",\"status\":\"mocked\"},{\"name\":\"https\",\"status\":\"mocked\"},{\"name\":\"net\",\"status\":\"mocked\"}]"}}
[debug] [2021-04-07T16:26:58.933Z] [runtime-status] [62875] Resolved module firebase-functions {"declared":true,"installed":true,"version":"3.13.2","resolution":"/Users/qbbang/Documents/JokerLee/8th_warming-up_3team_iOS/functions/node_modules/firebase-functions/lib/index.js"} {"metadata":{"emulator":{"name":"functions"},"message":"[runtime-status] [62875] Resolved module firebase-functions {\"declared\":true,\"installed\":true,\"version\":\"3.13.2\",\"resolution\":\"/Users/qbbang/Documents/JokerLee/8th_warming-up_3team_iOS/functions/node_modules/firebase-functions/lib/index.js\"}"}}
[debug] [2021-04-07T16:26:58.971Z] [runtime-status] [62875] Checked functions.config() {"config":{}} {"metadata":{"emulator":{"name":"functions"},"message":"[runtime-status] [62875] Checked functions.config() {\"config\":{}}"}}
[debug] [2021-04-07T16:26:58.972Z] [runtime-status] [62875] firebase-functions has been stubbed. {"functionsResolution":{"declared":true,"installed":true,"version":"3.13.2","resolution":"/Users/qbbang/Documents/JokerLee/8th_warming-up_3team_iOS/functions/node_modules/firebase-functions/lib/index.js"}} {"metadata":{"emulator":{"name":"functions"},"message":"[runtime-status] [62875] firebase-functions has been stubbed. {\"functionsResolution\":{\"declared\":true,\"installed\":true,\"version\":\"3.13.2\",\"resolution\":\"/Users/qbbang/Documents/JokerLee/8th_warming-up_3team_iOS/functions/node_modules/firebase-functions/lib/index.js\"}}"}}
[debug] [2021-04-07T16:26:58.972Z] [runtime-status] [62875] Resolved module firebase-functions {"declared":true,"installed":true,"version":"3.13.2","resolution":"/Users/qbbang/Documents/JokerLee/8th_warming-up_3team_iOS/functions/node_modules/firebase-functions/lib/index.js"} {"metadata":{"emulator":{"name":"functions"},"message":"[runtime-status] [62875] Resolved module firebase-functions {\"declared\":true,\"installed\":true,\"version\":\"3.13.2\",\"resolution\":\"/Users/qbbang/Documents/JokerLee/8th_warming-up_3team_iOS/functions/node_modules/firebase-functions/lib/index.js\"}"}}
[debug] [2021-04-07T16:26:58.973Z] [runtime-status] [62875] Resolved module firebase-admin {"declared":true,"installed":true,"version":"9.6.0","resolution":"/Users/qbbang/Documents/JokerLee/8th_warming-up_3team_iOS/functions/node_modules/firebase-admin/lib/index.js"} {"metadata":{"emulator":{"name":"functions"},"message":"[runtime-status] [62875] Resolved module firebase-admin {\"declared\":true,\"installed\":true,\"version\":\"9.6.0\",\"resolution\":\"/Users/qbbang/Documents/JokerLee/8th_warming-up_3team_iOS/functions/node_modules/firebase-admin/lib/index.js\"}"}}
[debug] [2021-04-07T16:26:58.973Z] [runtime-status] [62875] Resolved module firebase-functions {"declared":true,"installed":true,"version":"3.13.2","resolution":"/Users/qbbang/Documents/JokerLee/8th_warming-up_3team_iOS/functions/node_modules/firebase-functions/lib/index.js"} {"metadata":{"emulator":{"name":"functions"},"message":"[runtime-status] [62875] Resolved module firebase-functions {\"declared\":true,\"installed\":true,\"version\":\"3.13.2\",\"resolution\":\"/Users/qbbang/Documents/JokerLee/8th_warming-up_3team_iOS/functions/node_modules/firebase-functions/lib/index.js\"}"}}
[debug] [2021-04-07T16:26:58.973Z] [runtime-status] [62875] firebase-admin has been stubbed. {"adminResolution":{"declared":true,"installed":true,"version":"9.6.0","resolution":"/Users/qbbang/Documents/JokerLee/8th_warming-up_3team_iOS/functions/node_modules/firebase-admin/lib/index.js"}} {"metadata":{"emulator":{"name":"functions"},"message":"[runtime-status] [62875] firebase-admin has been stubbed. {\"adminResolution\":{\"declared\":true,\"installed\":true,\"version\":\"9.6.0\",\"resolution\":\"/Users/qbbang/Documents/JokerLee/8th_warming-up_3team_iOS/functions/node_modules/firebase-admin/lib/index.js\"}}"}}
[debug] [2021-04-07T16:26:58.975Z] [runtime-status] [62875] initializeApp(DEFAULT) {"storageBucket":"bukjjogeuro.appspot.com","databaseURL":"https://bukjjogeuro.firebaseio.com","projectId":"bukjjogeuro"} {"metadata":{"emulator":{"name":"functions"},"message":"[runtime-status] [62875] initializeApp(DEFAULT) {\"storageBucket\":\"bukjjogeuro.appspot.com\",\"databaseURL\":\"https://bukjjogeuro.firebaseio.com\",\"projectId\":\"bukjjogeuro\"}"}}
[debug] [2021-04-07T16:26:58.978Z] [worker-~diagnostic~-64e7f2d5-6c8f-4a8e-9f18-9808d83d80a8]: IDLE {"metadata":{"emulator":{"name":"functions"},"message":"[worker-~diagnostic~-64e7f2d5-6c8f-4a8e-9f18-9808d83d80a8]: IDLE"}}
[debug] [2021-04-07T16:31:07.514Z] File /Users/qbbang/Documents/JokerLee/8th_warming-up_3team_iOS/functions/src/index.ts changed, reloading triggers {"metadata":{"emulator":{"name":"functions"},"message":"File /Users/qbbang/Documents/JokerLee/8th_warming-up_3team_iOS/functions/src/index.ts changed, reloading triggers"}}
[debug] [2021-04-07T16:31:07.719Z] File /Users/qbbang/Documents/JokerLee/8th_warming-up_3team_iOS/functions/src/index.ts changed, reloading triggers {"metadata":{"emulator":{"name":"functions"},"message":"File /Users/qbbang/Documents/JokerLee/8th_warming-up_3team_iOS/functions/src/index.ts changed, reloading triggers"}}
[debug] [2021-04-07T16:31:07.927Z] File /Users/qbbang/Documents/JokerLee/8th_warming-up_3team_iOS/functions/src/index.ts changed, reloading triggers {"metadata":{"emulator":{"name":"functions"},"message":"File /Users/qbbang/Documents/JokerLee/8th_warming-up_3team_iOS/functions/src/index.ts changed, reloading triggers"}}
[debug] [2021-04-07T16:31:08.137Z] File /Users/qbbang/Documents/JokerLee/8th_warming-up_3team_iOS/functions/src/index.ts changed, reloading triggers {"metadata":{"emulator":{"name":"functions"},"message":"File /Users/qbbang/Documents/JokerLee/8th_warming-up_3team_iOS/functions/src/index.ts changed, reloading triggers"}}
[debug] [2021-04-07T16:31:08.241Z] File /Users/qbbang/Documents/JokerLee/8th_warming-up_3team_iOS/functions/src/index.ts changed, reloading triggers {"metadata":{"emulator":{"name":"functions"},"message":"File /Users/qbbang/Documents/JokerLee/8th_warming-up_3team_iOS/functions/src/index.ts changed, reloading triggers"}}
[debug] [2021-04-07T16:31:08.448Z] File /Users/qbbang/Documents/JokerLee/8th_warming-up_3team_iOS/functions/src/index.ts changed, reloading triggers {"metadata":{"emulator":{"name":"functions"},"message":"File /Users/qbbang/Documents/JokerLee/8th_warming-up_3team_iOS/functions/src/index.ts changed, reloading triggers"}}
[debug] [2021-04-07T16:31:09.450Z] [worker-pool] Shutting down IDLE worker (~diagnostic~) {"metadata":{"emulator":{"name":"functions"},"message":"[worker-pool] Shutting down IDLE worker (~diagnostic~)"}}
[debug] [2021-04-07T16:31:09.451Z] [worker-~diagnostic~-64e7f2d5-6c8f-4a8e-9f18-9808d83d80a8]: FINISHING {"metadata":{"emulator":{"name":"functions"},"message":"[worker-~diagnostic~-64e7f2d5-6c8f-4a8e-9f18-9808d83d80a8]: FINISHING"}}
[debug] [2021-04-07T16:31:09.451Z] [worker-pool] Cleaned up workers for ~diagnostic~: 2 --> 1 {"metadata":{"emulator":{"name":"functions"},"message":"[worker-pool] Cleaned up workers for ~diagnostic~: 2 --> 1"}}
[debug] [2021-04-07T16:31:09.456Z] [worker-pool] addWorker(~diagnostic~) {"metadata":{"emulator":{"name":"functions"},"message":"[worker-pool] addWorker(~diagnostic~)"}}
[debug] [2021-04-07T16:31:09.456Z] [worker-pool] Adding worker with key ~diagnostic~, total=2 {"metadata":{"emulator":{"name":"functions"},"message":"[worker-pool] Adding worker with key ~diagnostic~, total=2"}}
[debug] [2021-04-07T16:31:09.456Z] [worker-pool] submitWork(triggerId=) {"metadata":{"emulator":{"name":"functions"},"message":"[worker-pool] submitWork(triggerId=)"}}
[debug] [2021-04-07T16:31:09.456Z] [worker-~diagnostic~-6267a578-a478-480f-88da-86be99748ec8]: Assigning socketPath: /var/folders/tg/m_ym3q7s62q11t3r11njmjnw0000gn/T/fire_emu_63223.sock {"metadata":{"emulator":{"name":"functions"},"message":"[worker-~diagnostic~-6267a578-a478-480f-88da-86be99748ec8]: Assigning socketPath: /var/folders/tg/m_ym3q7s62q11t3r11njmjnw0000gn/T/fire_emu_63223.sock"}}
[debug] [2021-04-07T16:31:09.457Z] [worker-~diagnostic~-6267a578-a478-480f-88da-86be99748ec8]: BUSY {"metadata":{"emulator":{"name":"functions"},"message":"[worker-~diagnostic~-6267a578-a478-480f-88da-86be99748ec8]: BUSY"}}
[debug] [2021-04-07T16:31:09.458Z] [worker-~diagnostic~-64e7f2d5-6c8f-4a8e-9f18-9808d83d80a8]: exited {"metadata":{"emulator":{"name":"functions"},"message":"[worker-~diagnostic~-64e7f2d5-6c8f-4a8e-9f18-9808d83d80a8]: exited"}}
[debug] [2021-04-07T16:31:09.459Z] [worker-~diagnostic~-64e7f2d5-6c8f-4a8e-9f18-9808d83d80a8]: FINISHED {"metadata":{"emulator":{"name":"functions"},"message":"[worker-~diagnostic~-64e7f2d5-6c8f-4a8e-9f18-9808d83d80a8]: FINISHED"}}
[debug] [2021-04-07T16:31:09.723Z] [runtime-status] [63223] Functions runtime initialized. {"cwd":"/Users/qbbang/Documents/JokerLee/8th_warming-up_3team_iOS/functions","node_version":"12.18.1"} {"metadata":{"emulator":{"name":"functions"},"message":"[runtime-status] [63223] Functions runtime initialized. {\"cwd\":\"/Users/qbbang/Documents/JokerLee/8th_warming-up_3team_iOS/functions\",\"node_version\":\"12.18.1\"}"}}
[debug] [2021-04-07T16:31:09.724Z] [runtime-status] [63223] Disabled runtime features: undefined {"metadata":{"emulator":{"name":"functions"},"message":"[runtime-status] [63223] Disabled runtime features: undefined"}}
[debug] [2021-04-07T16:31:09.726Z] [runtime-status] [63223] Resolved module firebase-admin {"declared":true,"installed":true,"version":"9.6.0","resolution":"/Users/qbbang/Documents/JokerLee/8th_warming-up_3team_iOS/functions/node_modules/firebase-admin/lib/index.js"} {"metadata":{"emulator":{"name":"functions"},"message":"[runtime-status] [63223] Resolved module firebase-admin {\"declared\":true,\"installed\":true,\"version\":\"9.6.0\",\"resolution\":\"/Users/qbbang/Documents/JokerLee/8th_warming-up_3team_iOS/functions/node_modules/firebase-admin/lib/index.js\"}"}}
[debug] [2021-04-07T16:31:09.727Z] [runtime-status] [63223] Resolved module firebase-functions {"declared":true,"installed":true,"version":"3.13.2","resolution":"/Users/qbbang/Documents/JokerLee/8th_warming-up_3team_iOS/functions/node_modules/firebase-functions/lib/index.js"} {"metadata":{"emulator":{"name":"functions"},"message":"[runtime-status] [63223] Resolved module firebase-functions {\"declared\":true,\"installed\":true,\"version\":\"3.13.2\",\"resolution\":\"/Users/qbbang/Documents/JokerLee/8th_warming-up_3team_iOS/functions/node_modules/firebase-functions/lib/index.js\"}"}}
[debug] [2021-04-07T16:31:09.728Z] [runtime-status] [63223] Resolved module firebase-functions {"declared":true,"installed":true,"version":"3.13.2","resolution":"/Users/qbbang/Documents/JokerLee/8th_warming-up_3team_iOS/functions/node_modules/firebase-functions/lib/index.js"} {"metadata":{"emulator":{"name":"functions"},"message":"[runtime-status] [63223] Resolved module firebase-functions {\"declared\":true,\"installed\":true,\"version\":\"3.13.2\",\"resolution\":\"/Users/qbbang/Documents/JokerLee/8th_warming-up_3team_iOS/functions/node_modules/firebase-functions/lib/index.js\"}"}}
[debug] [2021-04-07T16:31:09.729Z] [runtime-status] [63223] Outgoing network have been stubbed. [{"name":"http","status":"mocked"},{"name":"http","status":"mocked"},{"name":"https","status":"mocked"},{"name":"https","status":"mocked"},{"name":"net","status":"mocked"}] {"metadata":{"emulator":{"name":"functions"},"message":"[runtime-status] [63223] Outgoing network have been stubbed. [{\"name\":\"http\",\"status\":\"mocked\"},{\"name\":\"http\",\"status\":\"mocked\"},{\"name\":\"https\",\"status\":\"mocked\"},{\"name\":\"https\",\"status\":\"mocked\"},{\"name\":\"net\",\"status\":\"mocked\"}]"}}
[debug] [2021-04-07T16:31:09.729Z] [runtime-status] [63223] Resolved module firebase-functions {"declared":true,"installed":true,"version":"3.13.2","resolution":"/Users/qbbang/Documents/JokerLee/8th_warming-up_3team_iOS/functions/node_modules/firebase-functions/lib/index.js"} {"metadata":{"emulator":{"name":"functions"},"message":"[runtime-status] [63223] Resolved module firebase-functions {\"declared\":true,\"installed\":true,\"version\":\"3.13.2\",\"resolution\":\"/Users/qbbang/Documents/JokerLee/8th_warming-up_3team_iOS/functions/node_modules/firebase-functions/lib/index.js\"}"}}
[debug] [2021-04-07T16:31:09.784Z] [runtime-status] [63223] Checked functions.config() {"config":{}} {"metadata":{"emulator":{"name":"functions"},"message":"[runtime-status] [63223] Checked functions.config() {\"config\":{}}"}}
[debug] [2021-04-07T16:31:09.785Z] [runtime-status] [63223] firebase-functions has been stubbed. {"functionsResolution":{"declared":true,"installed":true,"version":"3.13.2","resolution":"/Users/qbbang/Documents/JokerLee/8th_warming-up_3team_iOS/functions/node_modules/firebase-functions/lib/index.js"}} {"metadata":{"emulator":{"name":"functions"},"message":"[runtime-status] [63223] firebase-functions has been stubbed. {\"functionsResolution\":{\"declared\":true,\"installed\":true,\"version\":\"3.13.2\",\"resolution\":\"/Users/qbbang/Documents/JokerLee/8th_warming-up_3team_iOS/functions/node_modules/firebase-functions/lib/index.js\"}}"}}
[debug] [2021-04-07T16:31:09.785Z] [runtime-status] [63223] Resolved module firebase-functions {"declared":true,"installed":true,"version":"3.13.2","resolution":"/Users/qbbang/Documents/JokerLee/8th_warming-up_3team_iOS/functions/node_modules/firebase-functions/lib/index.js"} {"metadata":{"emulator":{"name":"functions"},"message":"[runtime-status] [63223] Resolved module firebase-functions {\"declared\":true,\"installed\":true,\"version\":\"3.13.2\",\"resolution\":\"/Users/qbbang/Documents/JokerLee/8th_warming-up_3team_iOS/functions/node_modules/firebase-functions/lib/index.js\"}"}}
[debug] [2021-04-07T16:31:09.786Z] [runtime-status] [63223] Resolved module firebase-admin {"declared":true,"installed":true,"version":"9.6.0","resolution":"/Users/qbbang/Documents/JokerLee/8th_warming-up_3team_iOS/functions/node_modules/firebase-admin/lib/index.js"} {"metadata":{"emulator":{"name":"functions"},"message":"[runtime-status] [63223] Resolved module firebase-admin {\"declared\":true,\"installed\":true,\"version\":\"9.6.0\",\"resolution\":\"/Users/qbbang/Documents/JokerLee/8th_warming-up_3team_iOS/functions/node_modules/firebase-admin/lib/index.js\"}"}}
[debug] [2021-04-07T16:31:09.786Z] [runtime-status] [63223] Resolved module firebase-functions {"declared":true,"installed":true,"version":"3.13.2","resolution":"/Users/qbbang/Documents/JokerLee/8th_warming-up_3team_iOS/functions/node_modules/firebase-functions/lib/index.js"} {"metadata":{"emulator":{"name":"functions"},"message":"[runtime-status] [63223] Resolved module firebase-functions {\"declared\":true,\"installed\":true,\"version\":\"3.13.2\",\"resolution\":\"/Users/qbbang/Documents/JokerLee/8th_warming-up_3team_iOS/functions/node_modules/firebase-functions/lib/index.js\"}"}}
[debug] [2021-04-07T16:31:09.786Z] [runtime-status] [63223] firebase-admin has been stubbed. {"adminResolution":{"declared":true,"installed":true,"version":"9.6.0","resolution":"/Users/qbbang/Documents/JokerLee/8th_warming-up_3team_iOS/functions/node_modules/firebase-admin/lib/index.js"}} {"metadata":{"emulator":{"name":"functions"},"message":"[runtime-status] [63223] firebase-admin has been stubbed. {\"adminResolution\":{\"declared\":true,\"installed\":true,\"version\":\"9.6.0\",\"resolution\":\"/Users/qbbang/Documents/JokerLee/8th_warming-up_3team_iOS/functions/node_modules/firebase-admin/lib/index.js\"}}"}}
[debug] [2021-04-07T16:31:09.788Z] [runtime-status] [63223] initializeApp(DEFAULT) {"storageBucket":"bukjjogeuro.appspot.com","databaseURL":"https://bukjjogeuro.firebaseio.com","projectId":"bukjjogeuro"} {"metadata":{"emulator":{"name":"functions"},"message":"[runtime-status] [63223] initializeApp(DEFAULT) {\"storageBucket\":\"bukjjogeuro.appspot.com\",\"databaseURL\":\"https://bukjjogeuro.firebaseio.com\",\"projectId\":\"bukjjogeuro\"}"}}
[debug] [2021-04-07T16:31:09.791Z] [worker-~diagnostic~-6267a578-a478-480f-88da-86be99748ec8]: IDLE {"metadata":{"emulator":{"name":"functions"},"message":"[worker-~diagnostic~-6267a578-a478-480f-88da-86be99748ec8]: IDLE"}}
